[[1;34mINFO[m] Scanning for projects...
[[1;34mINFO[m] 
[[1;34mINFO[m] [1m--------------< [0;36morg.apache.commons:commons-collections4[0;1m >---------------[m
[[1;34mINFO[m] [1mBuilding Apache Commons Collections 4.1-SNAPSHOT[m
[[1;34mINFO[m] [1m--------------------------------[ jar ]---------------------------------[m
[[1;34mINFO[m] 
[[1;34mINFO[m] [1m--- [0;32mmaven-clean-plugin:2.6.1:clean[m [1m(default-clean)[m @ [36mcommons-collections4[0;1m ---[m
[[1;34mINFO[m] 
[[1;34mINFO[m] [1m--- [0;32mmaven-enforcer-plugin:1.3.1:enforce[m [1m(enforce-maven-3)[m @ [36mcommons-collections4[0;1m ---[m
[[1;34mINFO[m] 
[[1;34mINFO[m] [1m--- [0;32mbuild-helper-maven-plugin:1.8:parse-version[m [1m(parse-version)[m @ [36mcommons-collections4[0;1m ---[m
[[1;34mINFO[m] 
[[1;34mINFO[m] [1m--- [0;32mmaven-antrun-plugin:1.7:run[m [1m(javadoc.resources)[m @ [36mcommons-collections4[0;1m ---[m
[[1;34mINFO[m] Executing tasks

main:
     [copy] Copying 2 files to /home/jaguar/experimento20221114/projects/Collections/target/apidocs/META-INF
[[1;34mINFO[m] Executed tasks
[[1;34mINFO[m] 
[[1;34mINFO[m] [1m--- [0;32mmaven-remote-resources-plugin:1.5:process[m [1m(default)[m @ [36mcommons-collections4[0;1m ---[m
[[1;34mINFO[m] 
[[1;34mINFO[m] [1m--- [0;32mbuildnumber-maven-plugin:1.3:create[m [1m(default)[m @ [36mcommons-collections4[0;1m ---[m
[[1;34mINFO[m] Executing: /bin/sh -c cd /home/jaguar/experimento20221114/projects/Collections && svn --non-interactive info
[[1;34mINFO[m] Working directory: /home/jaguar/experimento20221114/projects/Collections
[[1;34mINFO[m] Storing buildNumber: ?????? at timestamp: 1668524720074
[[1;34mINFO[m] Executing: /bin/sh -c cd /home/jaguar/experimento20221114/projects/Collections && svn --non-interactive info
[[1;34mINFO[m] Working directory: /home/jaguar/experimento20221114/projects/Collections
[[1;34mINFO[m] Storing buildScmBranch: UNKNOWN_BRANCH
[[1;34mINFO[m] 
[[1;34mINFO[m] [1m--- [0;32mmaven-resources-plugin:2.7:resources[m [1m(default-resources)[m @ [36mcommons-collections4[0;1m ---[m
[[1;34mINFO[m] Using 'UTF-8' encoding to copy filtered resources.
[[1;34mINFO[m] skip non existing resourceDirectory /home/jaguar/experimento20221114/projects/Collections/src/main/resources
[[1;34mINFO[m] Copying 2 resources to META-INF
[[1;34mINFO[m] 
[[1;34mINFO[m] [1m--- [0;32mmaven-compiler-plugin:3.2:compile[m [1m(default-compile)[m @ [36mcommons-collections4[0;1m ---[m
[[1;34mINFO[m] Changes detected - recompiling the module!
[[1;34mINFO[m] Compiling 308 source files to /home/jaguar/experimento20221114/projects/Collections/target/classes
[[1;34mINFO[m] /home/jaguar/experimento20221114/projects/Collections/src/main/java/org/apache/commons/collections4/map/MultiValueMap.java: Some input files use or override a deprecated API.
[[1;34mINFO[m] /home/jaguar/experimento20221114/projects/Collections/src/main/java/org/apache/commons/collections4/map/MultiValueMap.java: Recompile with -Xlint:deprecation for details.
[[1;34mINFO[m] 
[[1;34mINFO[m] [1m--- [0;32mmaven-bundle-plugin:2.5.3:manifest[m [1m(bundle-manifest)[m @ [36mcommons-collections4[0;1m ---[m
[[1;34mINFO[m] 
[[1;34mINFO[m] [1m--- [0;32manimal-sniffer-maven-plugin:1.13:check[m [1m(checkAPIcompatibility)[m @ [36mcommons-collections4[0;1m ---[m
[[1;34mINFO[m] Checking unresolved references to org.codehaus.mojo.signature:java16:1.0
[[1;34mINFO[m] 
[[1;34mINFO[m] [1m--- [0;32mmaven-resources-plugin:2.7:testResources[m [1m(default-testResources)[m @ [36mcommons-collections4[0;1m ---[m
[[1;34mINFO[m] Using 'UTF-8' encoding to copy filtered resources.
[[1;34mINFO[m] Copying 164 resources
[[1;34mINFO[m] Copying 2 resources to META-INF
[[1;34mINFO[m] 
[[1;34mINFO[m] [1m--- [0;32mmaven-compiler-plugin:3.2:testCompile[m [1m(default-testCompile)[m @ [36mcommons-collections4[0;1m ---[m
[[1;34mINFO[m] Changes detected - recompiling the module!
[[1;34mINFO[m] Compiling 198 source files to /home/jaguar/experimento20221114/projects/Collections/target/test-classes
[[1;34mINFO[m] /home/jaguar/experimento20221114/projects/Collections/src/test/java/org/apache/commons/collections4/map/MultiValueMapTest.java: Some input files use or override a deprecated API.
[[1;34mINFO[m] /home/jaguar/experimento20221114/projects/Collections/src/test/java/org/apache/commons/collections4/map/MultiValueMapTest.java: Recompile with -Xlint:deprecation for details.
[[1;34mINFO[m] 
[[1;34mINFO[m] [1m--- [0;32mjacoco-maven-plugin:0.7.2.201409121644:prepare-agent[m [1m(prepare-agent)[m @ [36mcommons-collections4[0;1m ---[m
[[1;34mINFO[m] argLine set to -javaagent:/home/jaguar/.m2/repository/org/jacoco/org.jacoco.agent/0.7.2.201409121644/org.jacoco.agent-0.7.2.201409121644-runtime.jar=destfile=/home/jaguar/experimento20221114/projects/Collections/target/jacoco.exec
[[1;34mINFO[m] 
[[1;34mINFO[m] [1m--- [0;32mmaven-surefire-plugin:2.18:test[m [1m(default-test)[m @ [36mcommons-collections4[0;1m ---[m
[[1;34mINFO[m] Surefire report directory: /home/jaguar/experimento20221114/projects/Collections/target/surefire-reports

-------------------------------------------------------
 T E S T S
-------------------------------------------------------
Running org.apache.commons.collections4.EnumerationUtilsTest
Tests run: 3, Failures: 0, Errors: 0, Skipped: 0, Time elapsed: 0.043 sec - in org.apache.commons.collections4.EnumerationUtilsTest
Running org.apache.commons.collections4.FactoryUtilsTest
Tests run: 16, Failures: 0, Errors: 0, Skipped: 0, Time elapsed: 0.257 sec - in org.apache.commons.collections4.FactoryUtilsTest
Running org.apache.commons.collections4.BagUtilsTest
Tests run: 8, Failures: 0, Errors: 0, Skipped: 0, Time elapsed: 0.024 sec - in org.apache.commons.collections4.BagUtilsTest
Running org.apache.commons.collections4.TrieUtilsTest
Tests run: 1, Failures: 0, Errors: 0, Skipped: 0, Time elapsed: 0.002 sec - in org.apache.commons.collections4.TrieUtilsTest
Running org.apache.commons.collections4.map.TransformedMapTest
Tests run: 53, Failures: 0, Errors: 0, Skipped: 0, Time elapsed: 0.1 sec - in org.apache.commons.collections4.map.TransformedMapTest
Running org.apache.commons.collections4.map.UnmodifiableOrderedMapTest
Tests run: 56, Failures: 0, Errors: 0, Skipped: 0, Time elapsed: 0.086 sec - in org.apache.commons.collections4.map.UnmodifiableOrderedMapTest
Running org.apache.commons.collections4.map.UnmodifiableMapTest
Tests run: 52, Failures: 0, Errors: 0, Skipped: 0, Time elapsed: 0.058 sec - in org.apache.commons.collections4.map.UnmodifiableMapTest
Running org.apache.commons.collections4.map.ReferenceMapTest
Tests run: 154, Failures: 0, Errors: 0, Skipped: 0, Time elapsed: 0.369 sec - in org.apache.commons.collections4.map.ReferenceMapTest
Running org.apache.commons.collections4.map.ListOrderedMap2Test
Tests run: 328, Failures: 0, Errors: 0, Skipped: 0, Time elapsed: 0.381 sec - in org.apache.commons.collections4.map.ListOrderedMap2Test
Running org.apache.commons.collections4.map.MultiValueMapTest
Tests run: 35, Failures: 0, Errors: 0, Skipped: 0, Time elapsed: 0.028 sec - in org.apache.commons.collections4.map.MultiValueMapTest
Running org.apache.commons.collections4.map.MultiKeyMapTest
Tests run: 164, Failures: 0, Errors: 0, Skipped: 0, Time elapsed: 0.188 sec - in org.apache.commons.collections4.map.MultiKeyMapTest
Running org.apache.commons.collections4.map.LRUMapTest
Tests run: 190, Failures: 0, Errors: 0, Skipped: 0, Time elapsed: 4.291 sec - in org.apache.commons.collections4.map.LRUMapTest
Running org.apache.commons.collections4.map.PredicatedSortedMapTest
Tests run: 53, Failures: 0, Errors: 0, Skipped: 0, Time elapsed: 0.049 sec - in org.apache.commons.collections4.map.PredicatedSortedMapTest
Running org.apache.commons.collections4.map.LazySortedMapTest
Tests run: 52, Failures: 0, Errors: 0, Skipped: 0, Time elapsed: 0.018 sec - in org.apache.commons.collections4.map.LazySortedMapTest
Running org.apache.commons.collections4.map.FixedSizeMapTest
Tests run: 50, Failures: 0, Errors: 0, Skipped: 0, Time elapsed: 0.031 sec - in org.apache.commons.collections4.map.FixedSizeMapTest
Running org.apache.commons.collections4.map.CaseInsensitiveMapTest
Tests run: 158, Failures: 0, Errors: 0, Skipped: 0, Time elapsed: 0.126 sec - in org.apache.commons.collections4.map.CaseInsensitiveMapTest
Running org.apache.commons.collections4.map.LazyMapTest
Tests run: 50, Failures: 0, Errors: 0, Skipped: 0, Time elapsed: 0.022 sec - in org.apache.commons.collections4.map.LazyMapTest
Running org.apache.commons.collections4.map.UnmodifiableSortedMapTest
Tests run: 52, Failures: 0, Errors: 0, Skipped: 0, Time elapsed: 0.015 sec - in org.apache.commons.collections4.map.UnmodifiableSortedMapTest
Running org.apache.commons.collections4.map.HashedMapTest
Tests run: 155, Failures: 0, Errors: 0, Skipped: 0, Time elapsed: 0.091 sec - in org.apache.commons.collections4.map.HashedMapTest
Running org.apache.commons.collections4.map.FixedSizeSortedMapTest
Tests run: 543, Failures: 0, Errors: 0, Skipped: 0, Time elapsed: 0.239 sec - in org.apache.commons.collections4.map.FixedSizeSortedMapTest
Running org.apache.commons.collections4.map.DefaultedMapTest
Tests run: 53, Failures: 0, Errors: 0, Skipped: 0, Time elapsed: 0.025 sec - in org.apache.commons.collections4.map.DefaultedMapTest
Running org.apache.commons.collections4.map.LinkedMapTest
Tests run: 332, Failures: 0, Errors: 0, Skipped: 0, Time elapsed: 0.158 sec - in org.apache.commons.collections4.map.LinkedMapTest
Running org.apache.commons.collections4.map.PredicatedMapTest
Tests run: 52, Failures: 0, Errors: 0, Skipped: 0, Time elapsed: 0.024 sec - in org.apache.commons.collections4.map.PredicatedMapTest
Running org.apache.commons.collections4.map.TransformedSortedMapTest
Tests run: 546, Failures: 0, Errors: 0, Skipped: 0, Time elapsed: 0.349 sec - in org.apache.commons.collections4.map.TransformedSortedMapTest
Running org.apache.commons.collections4.map.PassiveExpiringMapTest
Tests run: 144, Failures: 0, Errors: 0, Skipped: 0, Time elapsed: 6.118 sec - in org.apache.commons.collections4.map.PassiveExpiringMapTest
Running org.apache.commons.collections4.map.ListOrderedMapTest
Tests run: 487, Failures: 0, Errors: 0, Skipped: 0, Time elapsed: 0.363 sec - in org.apache.commons.collections4.map.ListOrderedMapTest
Running org.apache.commons.collections4.map.Flat3MapTest
Tests run: 167, Failures: 0, Errors: 0, Skipped: 0, Time elapsed: 0.135 sec - in org.apache.commons.collections4.map.Flat3MapTest
Running org.apache.commons.collections4.map.ReferenceIdentityMapTest
Tests run: 156, Failures: 0, Errors: 0, Skipped: 0, Time elapsed: 0.202 sec - in org.apache.commons.collections4.map.ReferenceIdentityMapTest
Running org.apache.commons.collections4.map.CompositeMapTest
Tests run: 58, Failures: 0, Errors: 0, Skipped: 0, Time elapsed: 0.06 sec - in org.apache.commons.collections4.map.CompositeMapTest
Running org.apache.commons.collections4.map.SingletonMapTest
Tests run: 175, Failures: 0, Errors: 0, Skipped: 0, Time elapsed: 0.067 sec - in org.apache.commons.collections4.map.SingletonMapTest
Running org.apache.commons.collections4.map.StaticBucketMapTest
Tests run: 152, Failures: 0, Errors: 0, Skipped: 0, Time elapsed: 0.258 sec - in org.apache.commons.collections4.map.StaticBucketMapTest
Running org.apache.commons.collections4.PredicateUtilsTest
Tests run: 65, Failures: 0, Errors: 0, Skipped: 0, Time elapsed: 0.034 sec - in org.apache.commons.collections4.PredicateUtilsTest
Running org.apache.commons.collections4.QueueUtilsTest
Tests run: 4, Failures: 0, Errors: 0, Skipped: 0, Time elapsed: 0.008 sec - in org.apache.commons.collections4.QueueUtilsTest
Running org.apache.commons.collections4.set.UnmodifiableNavigableSetTest
Tests run: 199, Failures: 0, Errors: 0, Skipped: 0, Time elapsed: 0.093 sec - in org.apache.commons.collections4.set.UnmodifiableNavigableSetTest
Running org.apache.commons.collections4.set.MapBackedSetTest
Tests run: 28, Failures: 0, Errors: 0, Skipped: 0, Time elapsed: 0.035 sec - in org.apache.commons.collections4.set.MapBackedSetTest
Running org.apache.commons.collections4.set.ListOrderedSetTest
Tests run: 35, Failures: 0, Errors: 0, Skipped: 0, Time elapsed: 0.03 sec - in org.apache.commons.collections4.set.ListOrderedSetTest
Running org.apache.commons.collections4.set.PredicatedNavigableSetTest
Tests run: 200, Failures: 0, Errors: 0, Skipped: 0, Time elapsed: 0.161 sec - in org.apache.commons.collections4.set.PredicatedNavigableSetTest
Running org.apache.commons.collections4.set.TransformedSortedSetTest
Tests run: 114, Failures: 0, Errors: 0, Skipped: 0, Time elapsed: 0.059 sec - in org.apache.commons.collections4.set.TransformedSortedSetTest
Running org.apache.commons.collections4.set.TransformedNavigableSetTest
Tests run: 198, Failures: 0, Errors: 0, Skipped: 0, Time elapsed: 0.118 sec - in org.apache.commons.collections4.set.TransformedNavigableSetTest
Running org.apache.commons.collections4.set.TransformedSetTest
Tests run: 30, Failures: 0, Errors: 0, Skipped: 0, Time elapsed: 0.012 sec - in org.apache.commons.collections4.set.TransformedSetTest
Running org.apache.commons.collections4.set.CompositeSetTest
Tests run: 34, Failures: 0, Errors: 0, Skipped: 0, Time elapsed: 0.033 sec - in org.apache.commons.collections4.set.CompositeSetTest
Running org.apache.commons.collections4.set.PredicatedSortedSetTest
Tests run: 116, Failures: 0, Errors: 0, Skipped: 0, Time elapsed: 0.056 sec - in org.apache.commons.collections4.set.PredicatedSortedSetTest
Running org.apache.commons.collections4.set.MapBackedSet2Test
Tests run: 29, Failures: 0, Errors: 0, Skipped: 0, Time elapsed: 0.027 sec - in org.apache.commons.collections4.set.MapBackedSet2Test
Running org.apache.commons.collections4.set.PredicatedSetTest
Tests run: 31, Failures: 0, Errors: 0, Skipped: 0, Time elapsed: 0.012 sec - in org.apache.commons.collections4.set.PredicatedSetTest
Running org.apache.commons.collections4.set.ListOrderedSet2Test
Tests run: 31, Failures: 0, Errors: 0, Skipped: 0, Time elapsed: 0.01 sec - in org.apache.commons.collections4.set.ListOrderedSet2Test
Running org.apache.commons.collections4.set.UnmodifiableSetTest
Tests run: 30, Failures: 0, Errors: 0, Skipped: 0, Time elapsed: 0.023 sec - in org.apache.commons.collections4.set.UnmodifiableSetTest
Running org.apache.commons.collections4.set.UnmodifiableSortedSetTest
Tests run: 115, Failures: 0, Errors: 0, Skipped: 0, Time elapsed: 0.053 sec - in org.apache.commons.collections4.set.UnmodifiableSortedSetTest
Running org.apache.commons.collections4.IterableUtilsTest
Tests run: 11, Failures: 0, Errors: 0, Skipped: 0, Time elapsed: 0.018 sec - in org.apache.commons.collections4.IterableUtilsTest
Running org.apache.commons.collections4.MapUtilsTest
Tests run: 35, Failures: 0, Errors: 0, Skipped: 0, Time elapsed: 0.029 sec - in org.apache.commons.collections4.MapUtilsTest
Running org.apache.commons.collections4.TransformerUtilsTest
Tests run: 18, Failures: 0, Errors: 0, Skipped: 0, Time elapsed: 0.014 sec - in org.apache.commons.collections4.TransformerUtilsTest
Running org.apache.commons.collections4.sequence.SequencesComparatorTest
Tests run: 4, Failures: 0, Errors: 0, Skipped: 0, Time elapsed: 0.824 sec - in org.apache.commons.collections4.sequence.SequencesComparatorTest
Running org.apache.commons.collections4.SplitMapUtilsTest
Tests run: 4, Failures: 0, Errors: 0, Skipped: 0, Time elapsed: 0.011 sec - in org.apache.commons.collections4.SplitMapUtilsTest
Running org.apache.commons.collections4.comparators.BooleanComparatorTest
Tests run: 16, Failures: 0, Errors: 0, Skipped: 0, Time elapsed: 0.019 sec - in org.apache.commons.collections4.comparators.BooleanComparatorTest
Running org.apache.commons.collections4.comparators.ComparableComparatorTest
Tests run: 13, Failures: 0, Errors: 0, Skipped: 0, Time elapsed: 0.002 sec - in org.apache.commons.collections4.comparators.ComparableComparatorTest
Running org.apache.commons.collections4.comparators.ComparatorChainTest
Tests run: 18, Failures: 0, Errors: 0, Skipped: 0, Time elapsed: 0.014 sec - in org.apache.commons.collections4.comparators.ComparatorChainTest
Running org.apache.commons.collections4.comparators.FixedOrderComparatorTest
Tests run: 19, Failures: 0, Errors: 0, Skipped: 0, Time elapsed: 0.014 sec - in org.apache.commons.collections4.comparators.FixedOrderComparatorTest
Running org.apache.commons.collections4.comparators.ReverseComparatorTest
Tests run: 13, Failures: 0, Errors: 0, Skipped: 0, Time elapsed: 0.006 sec - in org.apache.commons.collections4.comparators.ReverseComparatorTest
Running org.apache.commons.collections4.comparators.TransformingComparatorTest
Tests run: 14, Failures: 0, Errors: 0, Skipped: 0, Time elapsed: 0.007 sec - in org.apache.commons.collections4.comparators.TransformingComparatorTest
Running org.apache.commons.collections4.keyvalue.DefaultMapEntryTest
Tests run: 5, Failures: 0, Errors: 0, Skipped: 0, Time elapsed: 0.004 sec - in org.apache.commons.collections4.keyvalue.DefaultMapEntryTest
Running org.apache.commons.collections4.keyvalue.TiedMapEntryTest
Tests run: 6, Failures: 0, Errors: 0, Skipped: 0, Time elapsed: 0.002 sec - in org.apache.commons.collections4.keyvalue.TiedMapEntryTest
Running org.apache.commons.collections4.keyvalue.UnmodifiableMapEntryTest
Tests run: 6, Failures: 0, Errors: 0, Skipped: 0, Time elapsed: 0.004 sec - in org.apache.commons.collections4.keyvalue.UnmodifiableMapEntryTest
Running org.apache.commons.collections4.keyvalue.DefaultKeyValueTest
Tests run: 6, Failures: 0, Errors: 0, Skipped: 0, Time elapsed: 0.001 sec - in org.apache.commons.collections4.keyvalue.DefaultKeyValueTest
Running org.apache.commons.collections4.keyvalue.MultiKeyTest
Tests run: 11, Failures: 0, Errors: 0, Skipped: 0, Time elapsed: 0.005 sec - in org.apache.commons.collections4.keyvalue.MultiKeyTest
Running org.apache.commons.collections4.collection.PredicatedCollectionTest
Tests run: 28, Failures: 0, Errors: 0, Skipped: 0, Time elapsed: 0.01 sec - in org.apache.commons.collections4.collection.PredicatedCollectionTest
Running org.apache.commons.collections4.collection.UnmodifiableBoundedCollectionTest
Tests run: 28, Failures: 0, Errors: 0, Skipped: 0, Time elapsed: 0.012 sec - in org.apache.commons.collections4.collection.UnmodifiableBoundedCollectionTest
Running org.apache.commons.collections4.collection.IndexedCollectionTest
Tests run: 30, Failures: 0, Errors: 0, Skipped: 0, Time elapsed: 0.016 sec - in org.apache.commons.collections4.collection.IndexedCollectionTest
Running org.apache.commons.collections4.collection.CompositeCollectionTest
Tests run: 40, Failures: 0, Errors: 0, Skipped: 0, Time elapsed: 0.012 sec - in org.apache.commons.collections4.collection.CompositeCollectionTest
Running org.apache.commons.collections4.collection.PredicatedCollectionBuilderTest
Tests run: 5, Failures: 0, Errors: 0, Skipped: 0, Time elapsed: 0.004 sec - in org.apache.commons.collections4.collection.PredicatedCollectionBuilderTest
Running org.apache.commons.collections4.collection.SynchronizedCollectionTest
Tests run: 26, Failures: 0, Errors: 0, Skipped: 0, Time elapsed: 0.012 sec - in org.apache.commons.collections4.collection.SynchronizedCollectionTest
Running org.apache.commons.collections4.collection.TransformedCollectionTest
Tests run: 28, Failures: 0, Errors: 0, Skipped: 0, Time elapsed: 0.013 sec - in org.apache.commons.collections4.collection.TransformedCollectionTest
Running org.apache.commons.collections4.collection.UnmodifiableCollectionTest
Tests run: 28, Failures: 0, Errors: 0, Skipped: 0, Time elapsed: 0.009 sec - in org.apache.commons.collections4.collection.UnmodifiableCollectionTest
Running org.apache.commons.collections4.bidimap.DualLinkedHashBidiMapTest
Tests run: 362, Failures: 0, Errors: 0, Skipped: 0, Time elapsed: 0.232 sec - in org.apache.commons.collections4.bidimap.DualLinkedHashBidiMapTest
Running org.apache.commons.collections4.bidimap.UnmodifiableBidiMapTest
Tests run: 364, Failures: 0, Errors: 0, Skipped: 0, Time elapsed: 0.133 sec - in org.apache.commons.collections4.bidimap.UnmodifiableBidiMapTest
Running org.apache.commons.collections4.bidimap.UnmodifiableOrderedBidiMapTest
Tests run: 385, Failures: 0, Errors: 0, Skipped: 0, Time elapsed: 0.316 sec - in org.apache.commons.collections4.bidimap.UnmodifiableOrderedBidiMapTest
Running org.apache.commons.collections4.bidimap.DualHashBidiMapTest
Tests run: 362, Failures: 0, Errors: 0, Skipped: 0, Time elapsed: 0.166 sec - in org.apache.commons.collections4.bidimap.DualHashBidiMapTest
Running org.apache.commons.collections4.bidimap.DualTreeBidiMap2Test
Tests run: 808, Failures: 0, Errors: 0, Skipped: 0, Time elapsed: 0.631 sec - in org.apache.commons.collections4.bidimap.DualTreeBidiMap2Test
Running org.apache.commons.collections4.bidimap.DualTreeBidiMapTest
Tests run: 803, Failures: 0, Errors: 0, Skipped: 0, Time elapsed: 0.366 sec - in org.apache.commons.collections4.bidimap.DualTreeBidiMapTest
Running org.apache.commons.collections4.bidimap.TreeBidiMapTest
Tests run: 383, Failures: 0, Errors: 0, Skipped: 0, Time elapsed: 0.316 sec - in org.apache.commons.collections4.bidimap.TreeBidiMapTest
Running org.apache.commons.collections4.bidimap.UnmodifiableSortedBidiMapTest
Tests run: 805, Failures: 0, Errors: 0, Skipped: 0, Time elapsed: 0.24 sec - in org.apache.commons.collections4.bidimap.UnmodifiableSortedBidiMapTest
Running org.apache.commons.collections4.ListUtilsTest
Tests run: 22, Failures: 0, Errors: 0, Skipped: 0, Time elapsed: 0.004 sec - in org.apache.commons.collections4.ListUtilsTest
Running org.apache.commons.collections4.bag.CollectionSortedBagTest
Tests run: 28, Failures: 0, Errors: 0, Skipped: 0, Time elapsed: 0.021 sec - in org.apache.commons.collections4.bag.CollectionSortedBagTest
Running org.apache.commons.collections4.bag.TransformedSortedBagTest
Tests run: 76, Failures: 0, Errors: 0, Skipped: 0, Time elapsed: 0.036 sec - in org.apache.commons.collections4.bag.TransformedSortedBagTest
Running org.apache.commons.collections4.bag.UnmodifiableBagTest
Tests run: 76, Failures: 0, Errors: 0, Skipped: 0, Time elapsed: 0.017 sec - in org.apache.commons.collections4.bag.UnmodifiableBagTest
Running org.apache.commons.collections4.bag.UnmodifiableSortedBagTest
Tests run: 76, Failures: 0, Errors: 0, Skipped: 0, Time elapsed: 0.028 sec - in org.apache.commons.collections4.bag.UnmodifiableSortedBagTest
Running org.apache.commons.collections4.bag.TreeBagTest
Tests run: 77, Failures: 0, Errors: 0, Skipped: 0, Time elapsed: 0.049 sec - in org.apache.commons.collections4.bag.TreeBagTest
Running org.apache.commons.collections4.bag.SynchronizedBagTest
Tests run: 74, Failures: 0, Errors: 0, Skipped: 0, Time elapsed: 0.02 sec - in org.apache.commons.collections4.bag.SynchronizedBagTest
Running org.apache.commons.collections4.bag.PredicatedSortedBagTest
Tests run: 76, Failures: 0, Errors: 0, Skipped: 0, Time elapsed: 0.032 sec - in org.apache.commons.collections4.bag.PredicatedSortedBagTest
Running org.apache.commons.collections4.bag.CollectionBagTest
Tests run: 28, Failures: 0, Errors: 0, Skipped: 0, Time elapsed: 0.007 sec - in org.apache.commons.collections4.bag.CollectionBagTest
Running org.apache.commons.collections4.bag.PredicatedBagTest
Tests run: 77, Failures: 0, Errors: 0, Skipped: 0, Time elapsed: 0.014 sec - in org.apache.commons.collections4.bag.PredicatedBagTest
Running org.apache.commons.collections4.bag.HashBagTest
Tests run: 74, Failures: 0, Errors: 0, Skipped: 0, Time elapsed: 0.021 sec - in org.apache.commons.collections4.bag.HashBagTest
Running org.apache.commons.collections4.bag.TransformedBagTest
Tests run: 76, Failures: 0, Errors: 0, Skipped: 0, Time elapsed: 0.012 sec - in org.apache.commons.collections4.bag.TransformedBagTest
Running org.apache.commons.collections4.splitmap.TransformedSplitMapTest
Tests run: 4, Failures: 0, Errors: 0, Skipped: 0, Time elapsed: 0.002 sec - in org.apache.commons.collections4.splitmap.TransformedSplitMapTest
Running org.apache.commons.collections4.IteratorUtilsTest
Tests run: 24, Failures: 0, Errors: 1, Skipped: 0, Time elapsed: 0.077 sec <<< FAILURE! - in org.apache.commons.collections4.IteratorUtilsTest
testCollatedIterator(org.apache.commons.collections4.IteratorUtilsTest)  Time elapsed: 0.016 sec  <<< ERROR!
java.lang.NullPointerException: You must invoke setComparator() to set a comparator first.
	at org.apache.commons.collections4.iterators.CollatingIterator.least(CollatingIterator.java:366)
	at org.apache.commons.collections4.iterators.CollatingIterator.next(CollatingIterator.java:251)
	at org.apache.commons.collections4.IteratorUtils.toList(IteratorUtils.java:1147)
	at org.apache.commons.collections4.IteratorUtils.toList(IteratorUtils.java:1122)
	at org.apache.commons.collections4.IteratorUtilsTest.testCollatedIterator(IteratorUtilsTest.java:943)

Running org.apache.commons.collections4.SetUtilsTest
Tests run: 5, Failures: 0, Errors: 0, Skipped: 0, Time elapsed: 0.004 sec - in org.apache.commons.collections4.SetUtilsTest
Running org.apache.commons.collections4.queue.PredicatedQueueTest
Tests run: 37, Failures: 0, Errors: 0, Skipped: 0, Time elapsed: 0.024 sec - in org.apache.commons.collections4.queue.PredicatedQueueTest
Running org.apache.commons.collections4.queue.TransformedQueueTest
Tests run: 37, Failures: 0, Errors: 0, Skipped: 0, Time elapsed: 0.011 sec - in org.apache.commons.collections4.queue.TransformedQueueTest
Running org.apache.commons.collections4.queue.CircularFifoQueueTest
Tests run: 51, Failures: 0, Errors: 0, Skipped: 0, Time elapsed: 0.025 sec - in org.apache.commons.collections4.queue.CircularFifoQueueTest
Running org.apache.commons.collections4.queue.UnmodifiableQueueTest
Tests run: 37, Failures: 0, Errors: 0, Skipped: 0, Time elapsed: 0.007 sec - in org.apache.commons.collections4.queue.UnmodifiableQueueTest
Running org.apache.commons.collections4.CollectionUtilsTest
Tests run: 105, Failures: 0, Errors: 0, Skipped: 0, Time elapsed: 0.068 sec - in org.apache.commons.collections4.CollectionUtilsTest
Running org.apache.commons.collections4.ArrayStackTest
Tests run: 154, Failures: 0, Errors: 0, Skipped: 0, Time elapsed: 0.055 sec - in org.apache.commons.collections4.ArrayStackTest
Running org.apache.commons.collections4.iterators.UnmodifiableMapIteratorTest
Tests run: 19, Failures: 0, Errors: 0, Skipped: 0, Time elapsed: 0.005 sec - in org.apache.commons.collections4.iterators.UnmodifiableMapIteratorTest
Running org.apache.commons.collections4.iterators.PeekingIteratorTest
Tests run: 16, Failures: 0, Errors: 0, Skipped: 0, Time elapsed: 0.004 sec - in org.apache.commons.collections4.iterators.PeekingIteratorTest
Running org.apache.commons.collections4.iterators.ZippingIteratorTest
Tests run: 18, Failures: 0, Errors: 0, Skipped: 0, Time elapsed: 0.007 sec - in org.apache.commons.collections4.iterators.ZippingIteratorTest
Running org.apache.commons.collections4.iterators.UnmodifiableListIteratorTest
Tests run: 20, Failures: 0, Errors: 0, Skipped: 0, Time elapsed: 0.005 sec - in org.apache.commons.collections4.iterators.UnmodifiableListIteratorTest
Running org.apache.commons.collections4.iterators.ObjectArrayIteratorTest
Tests run: 14, Failures: 0, Errors: 0, Skipped: 0, Time elapsed: 0.003 sec - in org.apache.commons.collections4.iterators.ObjectArrayIteratorTest
Running org.apache.commons.collections4.iterators.LoopingListIteratorTest
Tests run: 12, Failures: 0, Errors: 0, Skipped: 0, Time elapsed: 0.005 sec - in org.apache.commons.collections4.iterators.LoopingListIteratorTest
Running org.apache.commons.collections4.iterators.ArrayIteratorTest
Tests run: 14, Failures: 0, Errors: 0, Skipped: 0, Time elapsed: 0.005 sec - in org.apache.commons.collections4.iterators.ArrayIteratorTest
Running org.apache.commons.collections4.iterators.IteratorChainTest
Tests run: 15, Failures: 0, Errors: 0, Skipped: 0, Time elapsed: 0.005 sec - in org.apache.commons.collections4.iterators.IteratorChainTest
Running org.apache.commons.collections4.iterators.CollatingIteratorTest
Tests run: 20, Failures: 0, Errors: 0, Skipped: 0, Time elapsed: 0.565 sec - in org.apache.commons.collections4.iterators.CollatingIteratorTest
Running org.apache.commons.collections4.iterators.ArrayListIteratorTest
Tests run: 16, Failures: 0, Errors: 0, Skipped: 0, Time elapsed: 0 sec - in org.apache.commons.collections4.iterators.ArrayListIteratorTest
Running org.apache.commons.collections4.iterators.ListIteratorWrapper2Test
Tests run: 13, Failures: 0, Errors: 0, Skipped: 0, Time elapsed: 0.001 sec - in org.apache.commons.collections4.iterators.ListIteratorWrapper2Test
Running org.apache.commons.collections4.iterators.SkippingIteratorTest
Tests run: 21, Failures: 0, Errors: 0, Skipped: 0, Time elapsed: 0 sec - in org.apache.commons.collections4.iterators.SkippingIteratorTest
Running org.apache.commons.collections4.iterators.NodeListIteratorTest
Tests run: 14, Failures: 0, Errors: 0, Skipped: 0, Time elapsed: 0 sec - in org.apache.commons.collections4.iterators.NodeListIteratorTest
Running org.apache.commons.collections4.iterators.UniqueFilterIteratorTest
Tests run: 12, Failures: 0, Errors: 0, Skipped: 0, Time elapsed: 0 sec - in org.apache.commons.collections4.iterators.UniqueFilterIteratorTest
Running org.apache.commons.collections4.iterators.ReverseListIteratorTest
Tests run: 20, Failures: 0, Errors: 0, Skipped: 0, Time elapsed: 0.001 sec - in org.apache.commons.collections4.iterators.ReverseListIteratorTest
Running org.apache.commons.collections4.iterators.UnmodifiableOrderedMapIteratorTest
Tests run: 20, Failures: 0, Errors: 0, Skipped: 0, Time elapsed: 0 sec - in org.apache.commons.collections4.iterators.UnmodifiableOrderedMapIteratorTest
Running org.apache.commons.collections4.iterators.ArrayIterator2Test
Tests run: 13, Failures: 0, Errors: 0, Skipped: 0, Time elapsed: 0 sec - in org.apache.commons.collections4.iterators.ArrayIterator2Test
Running org.apache.commons.collections4.iterators.LazyIteratorChainTest
Tests run: 15, Failures: 0, Errors: 0, Skipped: 0, Time elapsed: 0 sec - in org.apache.commons.collections4.iterators.LazyIteratorChainTest
Running org.apache.commons.collections4.iterators.ListIteratorWrapperTest
Tests run: 13, Failures: 0, Errors: 0, Skipped: 0, Time elapsed: 0 sec - in org.apache.commons.collections4.iterators.ListIteratorWrapperTest
Running org.apache.commons.collections4.iterators.ObjectGraphIteratorTest
Tests run: 26, Failures: 0, Errors: 0, Skipped: 0, Time elapsed: 0.001 sec - in org.apache.commons.collections4.iterators.ObjectGraphIteratorTest
Running org.apache.commons.collections4.iterators.FilterListIteratorTest
Tests run: 15, Failures: 0, Errors: 0, Skipped: 0, Time elapsed: 0.015 sec - in org.apache.commons.collections4.iterators.FilterListIteratorTest
Running org.apache.commons.collections4.iterators.PermutationIteratorTest
Tests run: 17, Failures: 0, Errors: 0, Skipped: 0, Time elapsed: 0.025 sec - in org.apache.commons.collections4.iterators.PermutationIteratorTest
Running org.apache.commons.collections4.iterators.IteratorIterableTest
Tests run: 2, Failures: 0, Errors: 0, Skipped: 0, Time elapsed: 0.001 sec - in org.apache.commons.collections4.iterators.IteratorIterableTest
Running org.apache.commons.collections4.iterators.ObjectArrayListIterator2Test
Tests run: 18, Failures: 0, Errors: 0, Skipped: 0, Time elapsed: 0.005 sec - in org.apache.commons.collections4.iterators.ObjectArrayListIterator2Test
Running org.apache.commons.collections4.iterators.LoopingIteratorTest
Tests run: 8, Failures: 0, Errors: 0, Skipped: 0, Time elapsed: 0.003 sec - in org.apache.commons.collections4.iterators.LoopingIteratorTest
Running org.apache.commons.collections4.iterators.PushbackIteratorTest
Tests run: 15, Failures: 0, Errors: 0, Skipped: 0, Time elapsed: 0.004 sec - in org.apache.commons.collections4.iterators.PushbackIteratorTest
Running org.apache.commons.collections4.iterators.FilterIteratorTest
Tests run: 16, Failures: 0, Errors: 0, Skipped: 0, Time elapsed: 0.007 sec - in org.apache.commons.collections4.iterators.FilterIteratorTest
Running org.apache.commons.collections4.iterators.IteratorEnumerationTest
Tests run: 1, Failures: 0, Errors: 0, Skipped: 0, Time elapsed: 0.001 sec - in org.apache.commons.collections4.iterators.IteratorEnumerationTest
Running org.apache.commons.collections4.iterators.BoundedIteratorTest
Tests run: 24, Failures: 0, Errors: 0, Skipped: 0, Time elapsed: 0.007 sec - in org.apache.commons.collections4.iterators.BoundedIteratorTest
Running org.apache.commons.collections4.iterators.SingletonListIteratorTest
Tests run: 20, Failures: 0, Errors: 0, Skipped: 0, Time elapsed: 0.005 sec - in org.apache.commons.collections4.iterators.SingletonListIteratorTest
Running org.apache.commons.collections4.iterators.ArrayListIterator2Test
Tests run: 13, Failures: 0, Errors: 0, Skipped: 0, Time elapsed: 0.003 sec - in org.apache.commons.collections4.iterators.ArrayListIterator2Test
Running org.apache.commons.collections4.iterators.ObjectArrayListIteratorTest
Tests run: 16, Failures: 0, Errors: 0, Skipped: 0, Time elapsed: 0.004 sec - in org.apache.commons.collections4.iterators.ObjectArrayListIteratorTest
Running org.apache.commons.collections4.iterators.SingletonIteratorTest
Tests run: 14, Failures: 0, Errors: 0, Skipped: 0, Time elapsed: 0.004 sec - in org.apache.commons.collections4.iterators.SingletonIteratorTest
Running org.apache.commons.collections4.iterators.UnmodifiableIteratorTest
Tests run: 13, Failures: 0, Errors: 0, Skipped: 0, Time elapsed: 0.004 sec - in org.apache.commons.collections4.iterators.UnmodifiableIteratorTest
Running org.apache.commons.collections4.iterators.SingletonIterator2Test
Tests run: 13, Failures: 0, Errors: 0, Skipped: 0, Time elapsed: 0.003 sec - in org.apache.commons.collections4.iterators.SingletonIterator2Test
Running org.apache.commons.collections4.functors.AllPredicateTest
Tests run: 13, Failures: 0, Errors: 0, Skipped: 0, Time elapsed: 0.009 sec - in org.apache.commons.collections4.functors.AllPredicateTest
Running org.apache.commons.collections4.functors.ComparatorPredicateTest
Tests run: 6, Failures: 0, Errors: 0, Skipped: 0, Time elapsed: 0.014 sec - in org.apache.commons.collections4.functors.ComparatorPredicateTest
Running org.apache.commons.collections4.functors.NullPredicateTest
Tests run: 3, Failures: 0, Errors: 0, Skipped: 0, Time elapsed: 0.001 sec - in org.apache.commons.collections4.functors.NullPredicateTest
Running org.apache.commons.collections4.functors.EqualPredicateTest
Tests run: 4, Failures: 0, Errors: 0, Skipped: 0, Time elapsed: 0.002 sec - in org.apache.commons.collections4.functors.EqualPredicateTest
Running org.apache.commons.collections4.functors.CatchAndRethrowClosureTest
Tests run: 2, Failures: 0, Errors: 0, Skipped: 0, Time elapsed: 0.003 sec - in org.apache.commons.collections4.functors.CatchAndRethrowClosureTest
Running org.apache.commons.collections4.multimap.MultiValuedHashMapTest
Tests run: 338, Failures: 0, Errors: 0, Skipped: 0, Time elapsed: 0.123 sec - in org.apache.commons.collections4.multimap.MultiValuedHashMapTest
Running org.apache.commons.collections4.multimap.TransformedMultiValuedMapTest
Tests run: 332, Failures: 0, Errors: 0, Skipped: 0, Time elapsed: 0.101 sec - in org.apache.commons.collections4.multimap.TransformedMultiValuedMapTest
Running org.apache.commons.collections4.multimap.UnmodifiableMultiValuedMapTest
Tests run: 338, Failures: 0, Errors: 0, Skipped: 0, Time elapsed: 0.101 sec - in org.apache.commons.collections4.multimap.UnmodifiableMultiValuedMapTest
Running org.apache.commons.collections4.trie.PatriciaTrieTest
Tests run: 546, Failures: 0, Errors: 0, Skipped: 0, Time elapsed: 0.567 sec - in org.apache.commons.collections4.trie.PatriciaTrieTest
Running org.apache.commons.collections4.trie.UnmodifiableTrieTest
Tests run: 545, Failures: 0, Errors: 0, Skipped: 0, Time elapsed: 0.25 sec - in org.apache.commons.collections4.trie.UnmodifiableTrieTest
Running org.apache.commons.collections4.trie.PatriciaTrie2Test
Tests run: 174, Failures: 0, Errors: 0, Skipped: 0, Time elapsed: 0.16 sec - in org.apache.commons.collections4.trie.PatriciaTrie2Test
Running org.apache.commons.collections4.ClosureUtilsTest
Tests run: 12, Failures: 0, Errors: 0, Skipped: 0, Time elapsed: 0.012 sec - in org.apache.commons.collections4.ClosureUtilsTest
Running org.apache.commons.collections4.MultiMapUtilsTest
Tests run: 10, Failures: 0, Errors: 0, Skipped: 0, Time elapsed: 0.004 sec - in org.apache.commons.collections4.MultiMapUtilsTest
Running org.apache.commons.collections4.list.GrowthListTest
Tests run: 61, Failures: 0, Errors: 0, Skipped: 0, Time elapsed: 0.033 sec - in org.apache.commons.collections4.list.GrowthListTest
Running org.apache.commons.collections4.list.UnmodifiableListTest
Tests run: 60, Failures: 0, Errors: 0, Skipped: 0, Time elapsed: 0.021 sec - in org.apache.commons.collections4.list.UnmodifiableListTest
Running org.apache.commons.collections4.list.FixedSizeListTest
Tests run: 57, Failures: 0, Errors: 0, Skipped: 0, Time elapsed: 0.027 sec - in org.apache.commons.collections4.list.FixedSizeListTest
Running org.apache.commons.collections4.list.TransformedListTest
Tests run: 59, Failures: 0, Errors: 0, Skipped: 0, Time elapsed: 0.037 sec - in org.apache.commons.collections4.list.TransformedListTest
Running org.apache.commons.collections4.list.NodeCachingLinkedListTest
Tests run: 156, Failures: 0, Errors: 0, Skipped: 0, Time elapsed: 0.126 sec - in org.apache.commons.collections4.list.NodeCachingLinkedListTest
Running org.apache.commons.collections4.list.TreeListTest
Tests run: 158, Failures: 0, Errors: 0, Skipped: 0, Time elapsed: 0.48 sec - in org.apache.commons.collections4.list.TreeListTest
Running org.apache.commons.collections4.list.CursorableLinkedListTest
Tests run: 196, Failures: 0, Errors: 0, Skipped: 0, Time elapsed: 0.161 sec - in org.apache.commons.collections4.list.CursorableLinkedListTest
Running org.apache.commons.collections4.list.SetUniqueListTest
Tests run: 74, Failures: 0, Errors: 0, Skipped: 0, Time elapsed: 0.029 sec - in org.apache.commons.collections4.list.SetUniqueListTest
Running org.apache.commons.collections4.list.PredicatedListTest
Tests run: 61, Failures: 0, Errors: 0, Skipped: 0, Time elapsed: 0.017 sec - in org.apache.commons.collections4.list.PredicatedListTest

Results :


Tests in error: 
  IteratorUtilsTest.testCollatedIterator:943 Â» NullPointer You must invoke setCo...


Tests run: 15393, Failures: 0, Errors: 1, Skipped: 0

[[1;34mINFO[m] [1m------------------------------------------------------------------------[m
[[1;34mINFO[m] [1;31mBUILD FAILURE[m
[[1;34mINFO[m] [1m------------------------------------------------------------------------[m
[[1;34mINFO[m] Total time:  40.507 s
[[1;34mINFO[m] Finished at: 2022-11-15T15:05:57Z
[[1;34mINFO[m] [1m------------------------------------------------------------------------[m
[[1;31mERROR[m] Failed to execute goal [32morg.apache.maven.plugins:maven-surefire-plugin:2.18:test[m [1m(default-test)[m on project [36mcommons-collections4[m: [1;31mThere are test failures.[m
[[1;31mERROR[m] [1;31m[m
[[1;31mERROR[m] [1;31mPlease refer to /home/jaguar/experimento20221114/projects/Collections/target/surefire-reports for the individual test results.[m
[[1;31mERROR[m] -> [1m[Help 1][m
[[1;31mERROR[m] 
[[1;31mERROR[m] To see the full stack trace of the errors, re-run Maven with the [1m-e[m switch.
[[1;31mERROR[m] Re-run Maven using the [1m-X[m switch to enable full debug logging.
[[1;31mERROR[m] 
[[1;31mERROR[m] For more information about the errors and possible solutions, please read the following articles:
[[1;31mERROR[m] [1m[Help 1][m http://cwiki.apache.org/confluence/display/MAVEN/MojoFailureException
